<?xml version="1.0" encoding="UTF-8"?>
<testsuite xmlns:xsi="http://www.w3.org/2001/XMLSchema-instance" xsi:noNamespaceSchemaLocation="https://maven.apache.org/surefire/maven-surefire-plugin/xsd/surefire-test-report-3.0.xsd" version="3.0" name="test.java.fag.PrincipalTest" time="0.13" tests="10" errors="0" skipped="0" failures="0">
  <properties>
[...]
</properties>
  <testcase name="testQuestao3_For" classname="test.java.fag.PrincipalTest" time="0.037"/>
  <testcase name="testQuestao5_While" classname="test.java.fag.PrincipalTest" time="0.004"/>
  <testcase name="testQuestao10_MetodosFor" classname="test.java.fag.PrincipalTest" time="0.004"/>
  <testcase name="testQuestao6_Metodos" classname="test.java.fag.PrincipalTest" time="0"/>
  <testcase name="testQuestao4_If" classname="test.java.fag.PrincipalTest" time="0.007"/>
  <testcase name="testQuestao8_ForPrint" classname="test.java.fag.PrincipalTest" time="0"/>
  <testcase name="testQuestao2_Print" classname="test.java.fag.PrincipalTest" time="0.002"/>
  <testcase name="testQuestao1_Scanner" classname="test.java.fag.PrincipalTest" time="0.011"/>
  <testcase name="testQuestao7_ScannerIf" classname="test.java.fag.PrincipalTest" time="0.003"/>
  <testcase name="testQuestao9_WhileScanner" classname="test.java.fag.PrincipalTest" time="0.002"/>
</testsuite>